This is pdfTeX, Version 3.141592653-2.6-1.40.25 (MiKTeX 24.1) (preloaded format=pdflatex 2024.10.10)  9 AUG 2025 00:12
entering extended mode
 restricted \write18 enabled.
 file:line:error style messages enabled.
 %&-line parsing enabled.
**c:/Users/abdel/Desktop/Pique-me/rapportPDF/rapport_clean.tex
(c:/Users/abdel/Desktop/Pique-me/rapportPDF/rapport_clean.tex
LaTeX2e <2023-11-01> patch level 1
L3 programming layer <2024-01-04>
(C:\Users\abdel\Downloads\Latex\tex/latex/base\article.cls
Document Class: article 2023/05/17 v1.4n Standard LaTeX document class
(C:\Users\abdel\Downloads\Latex\tex/latex/base\size12.clo
File: size12.clo 2023/05/17 v1.4n Standard LaTeX file (size option)
)
\c@part=\count187
\c@section=\count188
\c@subsection=\count189
\c@subsubsection=\count190
\c@paragraph=\count191
\c@subparagraph=\count192
\c@figure=\count193
\c@table=\count194
\abovecaptionskip=\skip48
\belowcaptionskip=\skip49
\bibindent=\dimen140
) (C:\Users\abdel\Downloads\Latex\tex/latex/base\inputenc.sty
Package: inputenc 2021/02/14 v1.3d Input encoding file
\inpenc@prehook=\toks17
\inpenc@posthook=\toks18
) (C:\Users\abdel\Downloads\Latex\tex/latex/base\fontenc.sty
Package: fontenc 2021/04/29 v2.0v Standard LaTeX package
) (C:\Users\abdel\Downloads\Latex\tex/generic/babel\babel.sty
Package: babel 2024/01/07 v24.1 The Babel package
\babel@savecnt=\count195
\U@D=\dimen141
\l@unhyphenated=\language79
 (C:\Users\abdel\Downloads\Latex\tex/generic/babel\txtbabel.def)
\bbl@readstream=\read2
\bbl@dirlevel=\count196

*************************************
* Local config file bblopts.cfg used
*
(C:\Users\abdel\Downloads\Latex\tex/latex/arabi\bblopts.cfg
File: bblopts.cfg 2005/09/08 v0.1 add Arabic and Farsi to "declared" options of babel
) (C:\Users\abdel\Downloads\Latex\tex/generic/babel-french\french.ldf
Language: french 2024-07-25 v3.6c French support from the babel system
Package babel Info: Hyphen rules for 'acadian' set to \l@french
(babel)             (\language22). Reported on input line 91.
Package babel Info: Hyphen rules for 'canadien' set to \l@french
(babel)             (\language22). Reported on input line 92.
\FB@stdchar=\count197
Package babel Info: Making : an active character on input line 421.
Package babel Info: Making ; an active character on input line 422.
Package babel Info: Making ! an active character on input line 423.
Package babel Info: Making ? an active character on input line 424.
\FBguill@level=\count198
\FBold@everypar=\toks19
\FB@Mht=\dimen142
\mc@charclass=\count199
\mc@charfam=\count266
\mc@charslot=\count267
\std@mcc=\count268
\dec@mcc=\count269
\FB@parskip=\dimen143
\listindentFB=\dimen144
\descindentFB=\dimen145
\labelindentFB=\dimen146
\labelwidthFB=\dimen147
\leftmarginFB=\dimen148
\parindentFFN=\dimen149
\FBfnindent=\dimen150
)) (C:\Users\abdel\Downloads\Latex\tex/generic/babel/locale/fr\babel-french.tex
Package babel Info: Importing font and identification data for french
(babel)             from babel-fr.ini. Reported on input line 11.
) (C:\Users\abdel\Downloads\Latex\tex/latex/carlisle\scalefnt.sty) (C:\Users\abdel\Downloads\Latex\tex/latex/geometry\geometry.sty
Package: geometry 2020/01/02 v5.9 Page Geometry
 (C:\Users\abdel\Downloads\Latex\tex/latex/graphics\keyval.sty
Package: keyval 2022/05/29 v1.15 key=value parser (DPC)
\KV@toks@=\toks20
) (C:\Users\abdel\Downloads\Latex\tex/generic/iftex\ifvtex.sty
Package: ifvtex 2019/10/25 v1.7 ifvtex legacy package. Use iftex instead.
 (C:\Users\abdel\Downloads\Latex\tex/generic/iftex\iftex.sty
Package: iftex 2022/02/03 v1.0f TeX engine tests
))
\Gm@cnth=\count270
\Gm@cntv=\count271
\c@Gm@tempcnt=\count272
\Gm@bindingoffset=\dimen151
\Gm@wd@mp=\dimen152
\Gm@odd@mp=\dimen153
\Gm@even@mp=\dimen154
\Gm@layoutwidth=\dimen155
\Gm@layoutheight=\dimen156
\Gm@layouthoffset=\dimen157
\Gm@layoutvoffset=\dimen158
\Gm@dimlist=\toks21
 (C:\Users\abdel\Downloads\Latex\tex/latex/geometry\geometry.cfg)) (C:\Users\abdel\Downloads\Latex\tex/latex/setspace\setspace.sty
Package: setspace 2022/12/04 v6.7b set line spacing
) (C:\Users\abdel\Downloads\Latex\tex/latex/csquotes\csquotes.sty
Package: csquotes 2024-04-04 v5.2o context-sensitive quotations (JAW)
 (C:\Users\abdel\Downloads\Latex\tex/latex/etoolbox\etoolbox.sty
Package: etoolbox 2020/10/05 v2.5k e-TeX tools for LaTeX (JAW)
\etb@tempcnta=\count273
)
\csq@reset=\count274
\csq@gtype=\count275
\csq@glevel=\count276
\csq@qlevel=\count277
\csq@maxlvl=\count278
\csq@tshold=\count279
\csq@ltx@everypar=\toks22
 (C:\Users\abdel\Downloads\Latex\tex/latex/csquotes\csquotes.def
File: csquotes.def 2024-04-04 v5.2o csquotes generic definitions (JAW)
)
Package csquotes Info: Trying to load configuration file 'csquotes.cfg'...
Package csquotes Info: ... configuration file loaded successfully.
 (C:\Users\abdel\Downloads\Latex\tex/latex/csquotes\csquotes.cfg
File: csquotes.cfg 
)) (C:\Users\abdel\Downloads\Latex\tex/latex/graphics\graphicx.sty
Package: graphicx 2021/09/16 v1.2d Enhanced LaTeX Graphics (DPC,SPQR)
 (C:\Users\abdel\Downloads\Latex\tex/latex/graphics\graphics.sty
Package: graphics 2022/03/10 v1.4e Standard LaTeX Graphics (DPC,SPQR)
 (C:\Users\abdel\Downloads\Latex\tex/latex/graphics\trig.sty
Package: trig 2021/08/11 v1.11 sin cos tan (DPC)
) (C:\Users\abdel\Downloads\Latex\tex/latex/graphics-cfg\graphics.cfg
File: graphics.cfg 2016/06/04 v1.11 sample graphics configuration
)
Package graphics Info: Driver file: pdftex.def on input line 107.
 (C:\Users\abdel\Downloads\Latex\tex/latex/graphics-def\pdftex.def
File: pdftex.def 2022/09/22 v1.2b Graphics/color driver for pdftex
))
\Gin@req@height=\dimen159
\Gin@req@width=\dimen160
) (C:\Users\abdel\Downloads\Latex\tex/latex/pdflscape\pdflscape.sty
Package: pdflscape 2022-10-27 v0.13 Display of landscape pages in PDF
 (C:\Users\abdel\Downloads\Latex\tex/latex/pdflscape\pdflscape-nometadata.sty
Package: pdflscape-nometadata 2022-10-28 v0.13 Display of landscape pages in PDF (HO)
 (C:\Users\abdel\Downloads\Latex\tex/latex/graphics\lscape.sty
Package: lscape 2020/05/28 v3.02 Landscape Pages (DPC)
)
Package pdflscape Info: Auto-detected driver: pdftex on input line 81.
)) (C:\Users\abdel\Downloads\Latex\tex/latex/float\float.sty
Package: float 2001/11/08 v1.3d Float enhancements (AL)
\c@float@type=\count280
\float@exts=\toks23
\float@box=\box51
\@float@everytoks=\toks24
\@floatcapt=\box52
)
   defining Unicode char U+2009 (decimal 8201)
   defining Unicode char U+202F (decimal 8239)
 (C:\Users\abdel\Downloads\Latex\tex/latex/xcolor\xcolor.sty
Package: xcolor 2023/11/15 v3.01 LaTeX color extensions (UK)
 (C:\Users\abdel\Downloads\Latex\tex/latex/graphics-cfg\color.cfg
File: color.cfg 2016/01/02 v1.6 sample color configuration
)
Package xcolor Info: Driver file: pdftex.def on input line 274.
 (C:\Users\abdel\Downloads\Latex\tex/latex/graphics\mathcolor.ltx)
Package xcolor Info: Model `cmy' substituted by `cmy0' on input line 1350.
Package xcolor Info: Model `hsb' substituted by `rgb' on input line 1354.
Package xcolor Info: Model `RGB' extended on input line 1366.
Package xcolor Info: Model `HTML' substituted by `rgb' on input line 1368.
Package xcolor Info: Model `Hsb' substituted by `hsb' on input line 1369.
Package xcolor Info: Model `tHsb' substituted by `hsb' on input line 1370.
Package xcolor Info: Model `HSB' substituted by `hsb' on input line 1371.
Package xcolor Info: Model `Gray' substituted by `gray' on input line 1372.
Package xcolor Info: Model `wave' substituted by `hsb' on input line 1373.
) (C:\Users\abdel\Downloads\Latex\tex/latex/graphics\dvipsnam.def
File: dvipsnam.def 2016/06/17 v3.0m Driver-dependent file (DPC,SPQR)
) (C:\Users\abdel\Downloads\Latex\tex/latex/hyperref\hyperref.sty
Package: hyperref 2023-11-26 v7.01g Hypertext links for LaTeX
 (C:\Users\abdel\Downloads\Latex\tex/generic/infwarerr\infwarerr.sty
Package: infwarerr 2019/12/03 v1.5 Providing info/warning/error messages (HO)
) (C:\Users\abdel\Downloads\Latex\tex/latex/kvsetkeys\kvsetkeys.sty
Package: kvsetkeys 2022-10-05 v1.19 Key value parser (HO)
) (C:\Users\abdel\Downloads\Latex\tex/generic/kvdefinekeys\kvdefinekeys.sty
Package: kvdefinekeys 2019-12-19 v1.6 Define keys (HO)
) (C:\Users\abdel\Downloads\Latex\tex/generic/pdfescape\pdfescape.sty
Package: pdfescape 2019/12/09 v1.15 Implements pdfTeX's escape features (HO)
 (C:\Users\abdel\Downloads\Latex\tex/generic/ltxcmds\ltxcmds.sty
Package: ltxcmds 2023-12-04 v1.26 LaTeX kernel commands for general use (HO)
) (C:\Users\abdel\Downloads\Latex\tex/generic/pdftexcmds\pdftexcmds.sty
Package: pdftexcmds 2020-06-27 v0.33 Utility functions of pdfTeX for LuaTeX (HO)
Package pdftexcmds Info: \pdf@primitive is available.
Package pdftexcmds Info: \pdf@ifprimitive is available.
Package pdftexcmds Info: \pdfdraftmode found.
)) (C:\Users\abdel\Downloads\Latex\tex/latex/hycolor\hycolor.sty
Package: hycolor 2020-01-27 v1.10 Color options for hyperref/bookmark (HO)
) (C:\Users\abdel\Downloads\Latex\tex/latex/letltxmacro\letltxmacro.sty
Package: letltxmacro 2019/12/03 v1.6 Let assignment for LaTeX macros (HO)
) (C:\Users\abdel\Downloads\Latex\tex/latex/auxhook\auxhook.sty
Package: auxhook 2019-12-17 v1.6 Hooks for auxiliary files (HO)
) (C:\Users\abdel\Downloads\Latex\tex/latex/hyperref\nameref.sty
Package: nameref 2023-11-26 v2.56 Cross-referencing by name of section
 (C:\Users\abdel\Downloads\Latex\tex/latex/refcount\refcount.sty
Package: refcount 2019/12/15 v3.6 Data extraction from label references (HO)
) (C:\Users\abdel\Downloads\Latex\tex/generic/gettitlestring\gettitlestring.sty
Package: gettitlestring 2019/12/15 v1.6 Cleanup title references (HO)
 (C:\Users\abdel\Downloads\Latex\tex/latex/kvoptions\kvoptions.sty
Package: kvoptions 2022-06-15 v3.15 Key value format for package options (HO)
))
\c@section@level=\count281
)
\@linkdim=\dimen161
\Hy@linkcounter=\count282
\Hy@pagecounter=\count283
 (C:\Users\abdel\Downloads\Latex\tex/latex/hyperref\pd1enc.def
File: pd1enc.def 2023-11-26 v7.01g Hyperref: PDFDocEncoding definition (HO)
Now handling font encoding PD1 ...
... no UTF-8 mapping file for font encoding PD1
) (C:\Users\abdel\Downloads\Latex\tex/generic/intcalc\intcalc.sty
Package: intcalc 2019/12/15 v1.3 Expandable calculations with integers (HO)
)
\Hy@SavedSpaceFactor=\count284
 (C:\Users\abdel\Downloads\Latex\tex/latex/hyperref\puenc.def
File: puenc.def 2023-11-26 v7.01g Hyperref: PDF Unicode definition (HO)
Now handling font encoding PU ...
... no UTF-8 mapping file for font encoding PU
)
Package hyperref Info: Option `colorlinks' set `true' on input line 4064.
Package hyperref Info: Hyper figures OFF on input line 4181.
Package hyperref Info: Link nesting OFF on input line 4186.
Package hyperref Info: Hyper index ON on input line 4189.
Package hyperref Info: Plain pages OFF on input line 4196.
Package hyperref Info: Backreferencing OFF on input line 4201.
Package hyperref Info: Implicit mode ON; LaTeX internals redefined.
Package hyperref Info: Bookmarks ON on input line 4448.
\c@Hy@tempcnt=\count285
 (C:\Users\abdel\Downloads\Latex\tex/latex/url\url.sty
\Urlmuskip=\muskip16
Package: url 2013/09/16  ver 3.4  Verb mode for urls, etc.
)
LaTeX Info: Redefining \url on input line 4786.
\XeTeXLinkMargin=\dimen162
 (C:\Users\abdel\Downloads\Latex\tex/generic/bitset\bitset.sty
Package: bitset 2019/12/09 v1.3 Handle bit-vector datatype (HO)
 (C:\Users\abdel\Downloads\Latex\tex/generic/bigintcalc\bigintcalc.sty
Package: bigintcalc 2019/12/15 v1.5 Expandable calculations on big integers (HO)
))
\Fld@menulength=\count286
\Field@Width=\dimen163
\Fld@charsize=\dimen164
Package hyperref Info: Hyper figures OFF on input line 6065.
Package hyperref Info: Link nesting OFF on input line 6070.
Package hyperref Info: Hyper index ON on input line 6073.
Package hyperref Info: backreferencing OFF on input line 6080.
Package hyperref Info: Link coloring ON on input line 6083.
Package hyperref Info: Link coloring with OCG OFF on input line 6090.
Package hyperref Info: PDF/A mode OFF on input line 6095.
 (C:\Users\abdel\Downloads\Latex\tex/latex/base\atbegshi-ltx.sty
Package: atbegshi-ltx 2021/01/10 v1.0c Emulation of the original atbegshi
package with kernel methods
)
\Hy@abspage=\count287
\c@Item=\count288
\c@Hfootnote=\count289
)
Package hyperref Info: Driver (autodetected): hpdftex.
 (C:\Users\abdel\Downloads\Latex\tex/latex/hyperref\hpdftex.def
File: hpdftex.def 2023-11-26 v7.01g Hyperref driver for pdfTeX
 (C:\Users\abdel\Downloads\Latex\tex/latex/base\atveryend-ltx.sty
Package: atveryend-ltx 2020/08/19 v1.0a Emulation of the original atveryend package
with kernel methods
)
\Fld@listcount=\count290
\c@bookmark@seq@number=\count291
 (C:\Users\abdel\Downloads\Latex\tex/latex/rerunfilecheck\rerunfilecheck.sty
Package: rerunfilecheck 2022-07-10 v1.10 Rerun checks for auxiliary files (HO)
 (C:\Users\abdel\Downloads\Latex\tex/generic/uniquecounter\uniquecounter.sty
Package: uniquecounter 2019/12/15 v1.4 Provide unlimited unique counter (HO)
)
Package uniquecounter Info: New unique counter `rerunfilecheck' on input line 285.
)
\Hy@SectionHShift=\skip50
) (C:\Users\abdel\Downloads\Latex\tex/latex/enumitem\enumitem.sty
Package: enumitem 2019/06/20 v3.9 Customized lists
\labelindent=\skip51
\enit@outerparindent=\dimen165
\enit@toks=\toks25
\enit@inbox=\box53
\enit@count@id=\count292
\enitdp@description=\count293
)
Package csquotes Info: Checking for multilingual support...
Package csquotes Info: ... found 'babel' package.
Package csquotes Info: Adjusting default style.
Package csquotes Info: Redefining alias 'default' -> 'french'.
 (C:\Users\abdel\Downloads\Latex\tex/latex/l3backend\l3backend-pdftex.def
File: l3backend-pdftex.def 2024-01-04 L3 backend support: PDF output (pdfTeX)
\l__color_backend_stack_int=\count294
\l__pdf_internal_box=\box54
) (rapport_clean.aux)
\openout1 = `rapport_clean.aux'.

LaTeX Font Info:    Checking defaults for OML/cmm/m/it on input line 57.
LaTeX Font Info:    ... okay on input line 57.
LaTeX Font Info:    Checking defaults for OMS/cmsy/m/n on input line 57.
LaTeX Font Info:    ... okay on input line 57.
LaTeX Font Info:    Checking defaults for OT1/cmr/m/n on input line 57.
LaTeX Font Info:    ... okay on input line 57.
LaTeX Font Info:    Checking defaults for T1/cmr/m/n on input line 57.
LaTeX Font Info:    ... okay on input line 57.
LaTeX Font Info:    Checking defaults for TS1/cmr/m/n on input line 57.
LaTeX Font Info:    ... okay on input line 57.
LaTeX Font Info:    Checking defaults for OMX/cmex/m/n on input line 57.
LaTeX Font Info:    ... okay on input line 57.
LaTeX Font Info:    Checking defaults for U/cmr/m/n on input line 57.
LaTeX Font Info:    ... okay on input line 57.
LaTeX Font Info:    Checking defaults for PD1/pdf/m/n on input line 57.
LaTeX Font Info:    ... okay on input line 57.
LaTeX Font Info:    Checking defaults for PU/pdf/m/n on input line 57.
LaTeX Font Info:    ... okay on input line 57.
LaTeX Info: Redefining \degres on input line 57.
Package french.ldf Info: Setting StandardItemizeEnv=true for
(french.ldf)             compatibility with enumitem package,
(french.ldf)             reported on input line 57.
Package french.ldf Info: Setting StandardEnumerateEnv=true for
(french.ldf)             compatibility with enumitem package,
(french.ldf)             reported on input line 57.
LaTeX Info: Redefining \up on input line 57.

*geometry* driver: auto-detecting
*geometry* detected driver: pdftex
*geometry* verbose mode - [ preamble ] result:
* driver: pdftex
* paper: a4paper
* layout: <same size as paper>
* layoutoffset:(h,v)=(0.0pt,0.0pt)
* modes: 
* h-part:(L,W,R)=(72.26999pt, 452.9679pt, 72.26999pt)
* v-part:(T,H,B)=(72.26999pt, 700.50687pt, 72.26999pt)
* \paperwidth=597.50787pt
* \paperheight=845.04684pt
* \textwidth=452.9679pt
* \textheight=700.50687pt
* \oddsidemargin=0.0pt
* \evensidemargin=0.0pt
* \topmargin=-37.0pt
* \headheight=12.0pt
* \headsep=25.0pt
* \topskip=12.0pt
* \footskip=30.0pt
* \marginparwidth=35.0pt
* \marginparsep=10.0pt
* \columnsep=10.0pt
* \skip\footins=10.8pt plus 4.0pt minus 2.0pt
* \hoffset=0.0pt
* \voffset=0.0pt
* \mag=1000
* \@twocolumnfalse
* \@twosidefalse
* \@mparswitchfalse
* \@reversemarginfalse
* (1in=72.27pt=25.4mm, 1cm=28.453pt)

(C:\Users\abdel\Downloads\Latex\tex/context/base/mkii\supp-pdf.mkii
[Loading MPS to PDF converter (version 2006.09.02).]
\scratchcounter=\count295
\scratchdimen=\dimen166
\scratchbox=\box55
\nofMPsegments=\count296
\nofMParguments=\count297
\everyMPshowfont=\toks26
\MPscratchCnt=\count298
\MPscratchDim=\dimen167
\MPnumerator=\count299
\makeMPintoPDFobject=\count300
\everyMPtoPDFconversion=\toks27
) (C:\Users\abdel\Downloads\Latex\tex/latex/epstopdf-pkg\epstopdf-base.sty
Package: epstopdf-base 2020-01-24 v2.11 Base part for package epstopdf
Package epstopdf-base Info: Redefining graphics rule for `.eps' on input line 485.
 (C:\Users\abdel\Downloads\Latex\tex/latex/00miktex\epstopdf-sys.cfg
File: epstopdf-sys.cfg 2021/03/18 v2.0 Configuration of epstopdf for MiKTeX
))
Package hyperref Info: Link coloring ON on input line 57.
 (rapport_clean.out) (rapport_clean.out)
\@outlinefile=\write3
\openout3 = `rapport_clean.out'.

 [1

{C:/Users/abdel/AppData/Local/MiKTeX/fonts/map/pdftex/pdftex.map}] (rapport_clean.toc
LaTeX Font Info:    External font `cmex10' loaded for size
(Font)              <12> on input line 4.
LaTeX Font Info:    External font `cmex10' loaded for size
(Font)              <8> on input line 4.
LaTeX Font Info:    External font `cmex10' loaded for size
(Font)              <6> on input line 4.

pdfTeX warning (ext4): destination with the same identifier (name{page.}) has been already used, duplicate ignored
<to be read again> 
                   \relax 
l.57 ...n}{\numberline {A}Annexes}{28}{appendix.A}
                                                  % [1

])
\tf@toc=\write4
\openout4 = `rapport_clean.toc'.


pdfTeX warning (ext4): destination with the same identifier (name{page.}) has been already used, duplicate ignored
<to be read again> 
                   \relax 
l.80 \clearpage
                [2] [1

] [2] [3

] [4]
<attachments/architecture.pdf, id=230, 1603.86703pt x 1280.53406pt>
File: attachments/architecture.pdf Graphic file (type pdf)
<use attachments/architecture.pdf>
Package pdftex.def Info: attachments/architecture.pdf  used on input line 235.
(pdftex.def)             Requested size: 407.66833pt x 325.48651pt.
 [5

]
<attachments/donnee.pdf, id=235, 737.00343pt x 512.66531pt>
File: attachments/donnee.pdf Graphic file (type pdf)
<use attachments/donnee.pdf>
Package pdftex.def Info: attachments/donnee.pdf  used on input line 247.
(pdftex.def)             Requested size: 407.66833pt x 283.57042pt.
 [6 <./attachments/architecture.pdf>]
Overfull \hbox (4.49112pt too wide) in paragraph at lines 259--260
\T1/cmr/m/n/12 coûts/délais plus éle-vés. \T1/cmr/m/it/12 Flut-ter \T1/cmr/m/n/12 : ex-cellent, mais l'équipe est déjà à l'aise avec React/JS,
 []

[7 <./attachments/donnee.pdf>]
LaTeX Font Info:    Trying to load font information for T1+cmtt on input line 292.
 (C:\Users\abdel\Downloads\Latex\tex/latex/base\t1cmtt.fd
File: t1cmtt.fd 2023/04/13 v2.5m Standard LaTeX font definitions
) [8]
<attachments/Inscription_Connexion.pdf, id=930, 916.92563pt x 642.14906pt>
File: attachments/Inscription_Connexion.pdf Graphic file (type pdf)
<use attachments/Inscription_Connexion.pdf>
Package pdftex.def Info: attachments/Inscription_Connexion.pdf  used on input line 322.
(pdftex.def)             Requested size: 407.66833pt x 285.50557pt.
<attachments/Recherche_Filtrage_Parcs.pdf, id=931, 712.16063pt x 496.85625pt>
File: attachments/Recherche_Filtrage_Parcs.pdf Graphic file (type pdf)
<use attachments/Recherche_Filtrage_Parcs.pdf>
Package pdftex.def Info: attachments/Recherche_Filtrage_Parcs.pdf  used on input line 332.
(pdftex.def)             Requested size: 407.66833pt x 284.41644pt.
 [9 <./attachments/Inscription_Connexion.pdf>]
<attachments/Reservation_d_un_emplacement.pdf, id=1517, 638.385pt x 510.40688pt>
File: attachments/Reservation_d_un_emplacement.pdf Graphic file (type pdf)
<use attachments/Reservation_d_un_emplacement.pdf>
Package pdftex.def Info: attachments/Reservation_d_un_emplacement.pdf  used on input line 342.
(pdftex.def)             Requested size: 407.66833pt x 325.94276pt.
 [10 <./attachments/Recherche_Filtrage_Parcs.pdf>]
<attachments/Reservation_Activite.pdf, id=1866, 705.38531pt x 532.23843pt>
File: attachments/Reservation_Activite.pdf Graphic file (type pdf)
<use attachments/Reservation_Activite.pdf>
Package pdftex.def Info: attachments/Reservation_Activite.pdf  used on input line 352.
(pdftex.def)             Requested size: 407.66833pt x 307.60213pt.
 [11 <./attachments/Reservation_d_un_emplacement.pdf>]
<attachments/Ajout_retrait_d_un_favori.pdf, id=2178, 679.03688pt x 563.10374pt>
File: attachments/Ajout_retrait_d_un_favori.pdf Graphic file (type pdf)
<use attachments/Ajout_retrait_d_un_favori.pdf>
Package pdftex.def Info: attachments/Ajout_retrait_d_un_favori.pdf  used on input line 362.
(pdftex.def)             Requested size: 407.66833pt x 338.06247pt.
 [12 <./attachments/Reservation_Activite.pdf>]
<attachments/Ajouter_un_avis_spot.pdf, id=2502, 524.71031pt x 485.56406pt>
File: attachments/Ajouter_un_avis_spot.pdf Graphic file (type pdf)
<use attachments/Ajouter_un_avis_spot.pdf>
Package pdftex.def Info: attachments/Ajouter_un_avis_spot.pdf  used on input line 372.
(pdftex.def)             Requested size: 407.66833pt x 377.26402pt.
 [13 <./attachments/Ajout_retrait_d_un_favori.pdf>]
<attachments/Sondage_post_visite.pdf, id=2829, 610.53094pt x 484.05844pt>
File: attachments/Sondage_post_visite.pdf Graphic file (type pdf)
<use attachments/Sondage_post_visite.pdf>
Package pdftex.def Info: attachments/Sondage_post_visite.pdf  used on input line 382.
(pdftex.def)             Requested size: 407.66833pt x 323.2317pt.
 [14 <./attachments/Ajouter_un_avis_spot.pdf>] [15 <./attachments/Sondage_post_visite.pdf>] [16

]
Overfull \hbox (4.20648pt too wide) in paragraph at lines 460--461
[]\T1/cmr/bx/n/12 Composants réuti-li-sables \T1/cmr/m/n/12 : cartes de parc, car-rou-sel d'images, badges/étoiles, champ
 []

[17] [18] [19

] [20] [21] [22] [23

] [24] [25

] [26

] [27

]

pdfTeX warning: pdflatex (file ./attachments/HomeConnected.pdf): PDF inclusion: found PDF version <1.7>, but at most version <1.5> allowed
<attachments/HomeConnected.pdf, id=3406, 441.65pt x 1706.375pt>
File: attachments/HomeConnected.pdf Graphic file (type pdf)
<use attachments/HomeConnected.pdf>
Package pdftex.def Info: attachments/HomeConnected.pdf  used on input line 726.
(pdftex.def)             Requested size: 158.2728pt x 611.5025pt.


pdfTeX warning: pdflatex (file ./attachments/Evaluation1.pdf): PDF inclusion: found PDF version <1.7>, but at most version <1.5> allowed
<attachments/Evaluation1.pdf, id=3407, 441.65pt x 959.585pt>
File: attachments/Evaluation1.pdf Graphic file (type pdf)
<use attachments/Evaluation1.pdf>
Package pdftex.def Info: attachments/Evaluation1.pdf  used on input line 734.
(pdftex.def)             Requested size: 203.83417pt x 442.87866pt.


pdfTeX warning: pdflatex (file ./attachments/PageParcsFavori.pdf): PDF inclusion: found PDF version <1.7>, but at most version <1.5> allowed
<attachments/PageParcsFavori.pdf, id=3408, 441.65pt x 959.585pt>
File: attachments/PageParcsFavori.pdf Graphic file (type pdf)
<use attachments/PageParcsFavori.pdf>
Package pdftex.def Info: attachments/PageParcsFavori.pdf  used on input line 745.
(pdftex.def)             Requested size: 203.83417pt x 442.87866pt.


pdfTeX warning: pdflatex (file ./attachments/pageParc.pdf): PDF inclusion: found PDF version <1.7>, but at most version <1.5> allowed
<attachments/pageParc.pdf, id=3409, 441.65pt x 1738.495pt>
File: attachments/pageParc.pdf Graphic file (type pdf)
<use attachments/pageParc.pdf>
Package pdftex.def Info: attachments/pageParc.pdf  used on input line 753.
(pdftex.def)             Requested size: 155.34805pt x 611.5025pt.
[28

 <./attachments/HomeConnected.pdf> <./attachments/Evaluation1.pdf>]

pdfTeX warning: pdflatex (file ./attachments/PageActivite.pdf): PDF inclusion: found PDF version <1.7>, but at most version <1.5> allowed
<attachments/PageActivite.pdf, id=4475, 441.65pt x 959.585pt>
File: attachments/PageActivite.pdf Graphic file (type pdf)
<use attachments/PageActivite.pdf>
Package pdftex.def Info: attachments/PageActivite.pdf  used on input line 764.
(pdftex.def)             Requested size: 203.83417pt x 442.87866pt.


pdfTeX warning: pdflatex (file ./attachments/reserverSpot1.pdf): PDF inclusion: found PDF version <1.7>, but at most version <1.5> allowed
<attachments/reserverSpot1.pdf, id=4476, 441.65pt x 959.585pt>
File: attachments/reserverSpot1.pdf Graphic file (type pdf)
<use attachments/reserverSpot1.pdf>
Package pdftex.def Info: attachments/reserverSpot1.pdf  used on input line 772.
(pdftex.def)             Requested size: 203.83417pt x 442.87866pt.

LaTeX Warning: `!h' float specifier changed to `!ht'.



pdfTeX warning: pdflatex (file ./attachments/reserverSpot2.pdf): PDF inclusion: found PDF version <1.7>, but at most version <1.5> allowed
<attachments/reserverSpot2.pdf, id=4477, 441.65pt x 1003.75pt>
File: attachments/reserverSpot2.pdf Graphic file (type pdf)
<use attachments/reserverSpot2.pdf>
Package pdftex.def Info: attachments/reserverSpot2.pdf  used on input line 783.
(pdftex.def)             Requested size: 203.83417pt x 463.2622pt.


pdfTeX warning: pdflatex (file ./attachments/PageUser.pdf): PDF inclusion: found PDF version <1.7>, but at most version <1.5> allowed
<attachments/PageUser.pdf, id=4478, 441.65pt x 1104.125pt>
File: attachments/PageUser.pdf Graphic file (type pdf)
<use attachments/PageUser.pdf>
Package pdftex.def Info: attachments/PageUser.pdf  used on input line 791.
(pdftex.def)             Requested size: 203.83417pt x 509.58842pt.

LaTeX Warning: `!h' float specifier changed to `!ht'.

[29 <./attachments/PageParcsFavori.pdf> <./attachments/pageParc.pdf>] [30 <./attachments/PageActivite.pdf> <./attachments/reserverSpot1.pdf>] [31 <./attachments/reserverSpot2.pdf> <./attachments/PageUser.pdf>] (rapport_clean.aux)
 ***********
LaTeX2e <2023-11-01> patch level 1
L3 programming layer <2024-01-04>
 ***********
Package rerunfilecheck Info: File `rapport_clean.out' has not changed.
(rerunfilecheck)             Checksum: F471096CC32C8B74E3FA3D6E589264E7;6790.
 ) 
Here is how much of TeX's memory you used:
 12992 strings out of 474486
 212704 string characters out of 5750320
 1938542 words of memory out of 5000000
 34992 multiletter control sequences out of 15000+600000
 569165 words of font info for 57 fonts, out of 8000000 for 9000
 1141 hyphenation exceptions out of 8191
 75i,9n,79p,604b,732s stack positions out of 10000i,1000n,20000p,200000b,200000s
 <C:\Users\abdel\AppData\Local\MiKTeX\fonts/pk/ljfour/jknappen/ec/dpi600\ecbi1200.pk> <C:\Users\abdel\AppData\Local\MiKTeX\fonts/pk/ljfour/jknappen/ec/dpi600\ectt1200.pk> <C:\Users\abdel\AppData\Local\MiKTeX\fonts/pk/ljfour/jknappen/ec/dpi600\eccc1200.pk> <C:\Users\abdel\AppData\Local\MiKTeX\fonts/pk/ljfour/jknappen/ec/dpi600\ecti1200.pk> <C:\Users\abdel\AppData\Local\MiKTeX\fonts/pk/ljfour/jknappen/ec/dpi600\ecbx1440.pk> <C:\Users\abdel\AppData\Local\MiKTeX\fonts/pk/ljfour/jknappen/ec/dpi600\ecbx1200.pk> <C:\Users\abdel\AppData\Local\MiKTeX\fonts/pk/ljfour/jknappen/ec/dpi600\ecrm1200.pk> <C:\Users\abdel\AppData\Local\MiKTeX\fonts/pk/ljfour/jknappen/ec/dpi600\ecti1440.pk> <C:\Users\abdel\AppData\Local\MiKTeX\fonts/pk/ljfour/jknappen/ec/dpi600\ecbx1728.pk> <C:\Users\abdel\AppData\Local\MiKTeX\fonts/pk/ljfour/jknappen/ec/dpi600\eccc1728.pk><C:/Users/abdel/Downloads/Latex/fonts/type1/public/amsfonts/cm/cmmi12.pfb><C:/Users/abdel/Downloads/Latex/fonts/type1/public/amsfonts/cm/cmr12.pfb><C:/Users/abdel/Downloads/Latex/fonts/type1/public/amsfonts/cm/cmsy10.pfb>
Output written on rapport_clean.pdf (34 pages, 6289448 bytes).
PDF statistics:
 7066 PDF objects out of 7423 (max. 8388607)
 118 named destinations out of 1000 (max. 500000)
 374 words of extra memory for PDF output out of 10000 (max. 10000000)

