\BOOKMARK [1][-]{section.1}{\376\377\000I\000n\000t\000r\000o\000d\000u\000c\000t\000i\000o\000n}{}% 1
\BOOKMARK [1][-]{section.2}{\376\377\000A\000n\000a\000l\000y\000s\000e\000\040\000d\000e\000s\000\040\000b\000e\000s\000o\000i\000n\000s\000\040\000e\000t\000\040\000\351\000t\000u\000d\000e\000\040\000p\000r\000\351\000l\000i\000m\000i\000n\000a\000i\000r\000e}{}% 2
\BOOKMARK [2][-]{subsection.2.1}{\376\377\000D\000\351\000m\000a\000r\000c\000h\000e\000\040\000g\000\351\000n\000\351\000r\000a\000l\000e}{section.2}% 3
\BOOKMARK [2][-]{subsection.2.2}{\376\377\000E\000x\000i\000g\000e\000n\000c\000e\000s\000\040\000f\000o\000n\000c\000t\000i\000o\000n\000n\000e\000l\000l\000e\000s}{section.2}% 4
\BOOKMARK [2][-]{subsection.2.3}{\376\377\000E\000x\000i\000g\000e\000n\000c\000e\000s\000\040\000n\000o\000n\000\040\000f\000o\000n\000c\000t\000i\000o\000n\000n\000e\000l\000l\000e\000s}{section.2}% 5
\BOOKMARK [2][-]{subsection.2.4}{\376\377\000M\000\351\000t\000h\000o\000d\000o\000l\000o\000g\000i\000e}{section.2}% 6
\BOOKMARK [1][-]{section.3}{\376\377\000C\000o\000n\000c\000e\000p\000t\000i\000o\000n}{}% 7
\BOOKMARK [2][-]{subsection.3.1}{\376\377\000A\000r\000c\000h\000i\000t\000e\000c\000t\000u\000r\000e\000\040\000d\000u\000\040\000s\000y\000s\000t\000\350\000m\000e}{section.3}% 8
\BOOKMARK [2][-]{subsection.3.2}{\376\377\000M\000o\000d\000\350\000l\000e\000\040\000d\000e\000\040\000d\000o\000n\000n\000\351\000e\000s}{section.3}% 9
\BOOKMARK [2][-]{subsection.3.3}{\376\377\000C\000h\000o\000i\000x\000\040\000t\000e\000c\000h\000n\000o\000l\000o\000g\000i\000q\000u\000e\000s\000\040\000e\000t\000\040\000j\000u\000s\000t\000i\000f\000i\000c\000a\000t\000i\000o\000n\000s}{section.3}% 10
\BOOKMARK [2][-]{subsection.3.4}{\376\377\000D\000i\000a\000g\000r\000a\000m\000m\000e\000s\000\040\000d\000'\000a\000c\000t\000i\000v\000i\000t\000\351\000s\000\040\000\050\000f\000l\000u\000x\000\040\000u\000t\000i\000l\000i\000s\000a\000t\000e\000u\000r\000s\000\051}{section.3}% 11
\BOOKMARK [3][-]{subsubsection.3.4.1}{\376\377\000I\000n\000s\000c\000r\000i\000p\000t\000i\000o\000n\000\040\000e\000t\000\040\000c\000o\000n\000n\000e\000x\000i\000o\000n}{subsection.3.4}% 12
\BOOKMARK [3][-]{subsubsection.3.4.2}{\376\377\000R\000e\000c\000h\000e\000r\000c\000h\000e\000\040\000e\000t\000\040\000f\000i\000l\000t\000r\000a\000g\000e\000\040\000d\000e\000\040\000p\000a\000r\000c\000s}{subsection.3.4}% 13
\BOOKMARK [3][-]{subsubsection.3.4.3}{\376\377\000R\000\351\000s\000e\000r\000v\000a\000t\000i\000o\000n\000\040\000d\000'\000u\000n\000\040\000e\000m\000p\000l\000a\000c\000e\000m\000e\000n\000t}{subsection.3.4}% 14
\BOOKMARK [3][-]{subsubsection.3.4.4}{\376\377\000R\000\351\000s\000e\000r\000v\000a\000t\000i\000o\000n\000\040\000d\000'\000u\000n\000e\000\040\000a\000c\000t\000i\000v\000i\000t\000\351}{subsection.3.4}% 15
\BOOKMARK [3][-]{subsubsection.3.4.5}{\376\377\000A\000j\000o\000u\000t\000\040\000o\000u\000\040\000r\000e\000t\000r\000a\000i\000t\000\040\000d\000'\000u\000n\000\040\000f\000a\000v\000o\000r\000i}{subsection.3.4}% 16
\BOOKMARK [3][-]{subsubsection.3.4.6}{\376\377\000A\000j\000o\000u\000t\000\040\000d\000'\000u\000n\000\040\000a\000v\000i\000s}{subsection.3.4}% 17
\BOOKMARK [3][-]{subsubsection.3.4.7}{\376\377\000S\000o\000n\000d\000a\000g\000e\000\040\000p\000o\000s\000t\000-\000v\000i\000s\000i\000t\000e}{subsection.3.4}% 18
\BOOKMARK [2][-]{subsection.3.5}{\376\377\000P\000r\000o\000t\000o\000t\000y\000p\000e\000s\000\040\000e\000t\000\040\000m\000a\000q\000u\000e\000t\000t\000e\000s}{section.3}% 19
\BOOKMARK [1][-]{section.4}{\376\377\000I\000m\000p\000l\000\351\000m\000e\000n\000t\000a\000t\000i\000o\000n\000\040\000e\000t\000\040\000r\000\351\000a\000l\000i\000s\000a\000t\000i\000o\000n\000\040\000t\000e\000c\000h\000n\000i\000q\000u\000e}{}% 20
\BOOKMARK [2][-]{subsection.4.1}{\376\377\000F\000r\000o\000n\000t\000-\000e\000n\000d\000\040\000u\000n\000i\000q\000u\000e\000m\000e\000n\000t\000\040\000:\000\040\000s\000o\000u\000r\000c\000e\000\040\000d\000e\000\040\000v\000\351\000r\000i\000t\000\351\000\040\000e\000t\000\040\000s\000y\000n\000c\000h\000r\000o}{section.4}% 21
\BOOKMARK [2][-]{subsection.4.2}{\376\377\000R\000e\000c\000h\000e\000r\000c\000h\000e\000\040\000+\000\040\000C\000a\000r\000t\000e\000\040}{section.4}% 22
\BOOKMARK [2][-]{subsection.4.3}{\376\377\000F\000i\000c\000h\000e\000\040\000p\000a\000r\000c\000\040\000:\000\040\000a\000c\000t\000i\000o\000n\000s\000\040\000c\000l\000\351\000s}{section.4}% 23
\BOOKMARK [2][-]{subsection.4.4}{\376\377\000R\000\351\000s\000e\000r\000v\000a\000t\000i\000o\000n\000\040\000:\000\040\000f\000l\000u\000x\000\040\000e\000t\000\040\000g\000a\000r\000a\000n\000t\000i\000e\000s}{section.4}% 24
\BOOKMARK [2][-]{subsection.4.5}{\376\377\000F\000a\000v\000o\000r\000i\000s\000\040\000e\000t\000\040\000p\000r\000o\000f\000i\000l}{section.4}% 25
\BOOKMARK [2][-]{subsection.4.6}{\376\377\000N\000a\000v\000i\000g\000a\000t\000i\000o\000n\000\040\000\050\000E\000x\000p\000o\000\040\000R\000o\000u\000t\000e\000r\000\051\000\040}{section.4}% 26
\BOOKMARK [2][-]{subsection.4.7}{\376\377\000N\000o\000t\000e\000s\000\040\000d\040\031\000i\000m\000p\000l\000\351\000m\000e\000n\000t\000a\000t\000i\000o\000n\000\040\000c\000\364\000t\000\351\000\040\000c\000o\000d\000e\000\040}{section.4}% 27
\BOOKMARK [2][-]{subsection.4.8}{\376\377\000D\000i\000f\000f\000i\000c\000u\000l\000t\000\351\000s\000\040\000r\000\351\000s\000o\000l\000u\000e\000s}{section.4}% 28
\BOOKMARK [1][-]{section.5}{\376\377\000\311\000v\000a\000l\000u\000a\000t\000i\000o\000n}{}% 29
\BOOKMARK [2][-]{subsection.5.1}{\376\377\000T\000e\000s\000t\000s\000\040\000u\000n\000i\000t\000a\000i\000r\000e\000s\000\040\000e\000t\000\040\000f\000o\000n\000c\000t\000i\000o\000n\000n\000e\000l\000s}{section.5}% 30
\BOOKMARK [2][-]{subsection.5.2}{\376\377\000\311\000v\000a\000l\000u\000a\000t\000i\000o\000n\000\040\000d\000e\000\040\000p\000e\000r\000f\000o\000r\000m\000a\000n\000c\000e}{section.5}% 31
\BOOKMARK [2][-]{subsection.5.3}{\376\377\000\311\000v\000a\000l\000u\000a\000t\000i\000o\000n\000\040\000d\000'\000u\000t\000i\000l\000i\000s\000a\000b\000i\000l\000i\000t\000\351}{section.5}% 32
\BOOKMARK [2][-]{subsection.5.4}{\376\377\000C\000o\000m\000p\000a\000r\000a\000i\000s\000o\000n\000\040\000a\000v\000e\000c\000\040\000l\000e\000s\000\040\000o\000b\000j\000e\000c\000t\000i\000f\000s\000\040\000i\000n\000i\000t\000i\000a\000u\000x}{section.5}% 33
\BOOKMARK [1][-]{section.6}{\376\377\000D\000i\000s\000c\000u\000s\000s\000i\000o\000n\000\040\000c\000r\000i\000t\000i\000q\000u\000e}{}% 34
\BOOKMARK [1][-]{section.7}{\376\377\000C\000o\000n\000c\000l\000u\000s\000i\000o\000n}{}% 35
\BOOKMARK [1][-]{appendix.A}{\376\377\000A\000n\000n\000e\000x\000e\000s}{}% 36
